<?xml version="1.0" encoding="UTF-8"?>
<!-- Generated by org.testng.reporters.JUnitXMLReporter -->
<testsuite ignored="0" hostname="User" failures="4" tests="4" name="All Test cases" time="0.142" errors="0" timestamp="2021-06-28T20:25:34 EDT">
  <testcase classname="tests.LoginFunctionalityTest" name="positiveLoginFunctionalityTest" time="0.013">
    <failure type="java.lang.NullPointerException" message="Cannot invoke &amp;quot;org.openqa.selenium.WebDriver.getTitle()&amp;quot; because &amp;quot;pages.HomePage.driver&amp;quot; is null">
      <![CDATA[java.lang.NullPointerException: Cannot invoke "org.openqa.selenium.WebDriver.getTitle()" because "pages.HomePage.driver" is null
at pages.HomePage.returnHomePageTitle(HomePage.java:45)
at tests.LoginFunctionalityTest.positiveLoginFunctionalityTest(LoginFunctionalityTest.java:20)
at java.base/java.util.ArrayList.forEach(ArrayList.java:1511)
... Removed 27 stack frames]]>
    </failure>
  </testcase> <!-- positiveLoginFunctionalityTest -->
  <testcase classname="tests.LoginFunctionalityTest" name="positiveLoginFunctionalityTest" time="0.003">
    <failure type="java.lang.NullPointerException" message="Cannot invoke &amp;quot;org.openqa.selenium.WebDriver.getTitle()&amp;quot; because &amp;quot;pages.HomePage.driver&amp;quot; is null">
      <![CDATA[java.lang.NullPointerException: Cannot invoke "org.openqa.selenium.WebDriver.getTitle()" because "pages.HomePage.driver" is null
at pages.HomePage.returnHomePageTitle(HomePage.java:45)
at tests.LoginFunctionalityTest.positiveLoginFunctionalityTest(LoginFunctionalityTest.java:20)
at java.base/java.util.ArrayList.forEach(ArrayList.java:1511)
... Removed 27 stack frames]]>
    </failure>
  </testcase> <!-- positiveLoginFunctionalityTest -->
  <testcase classname="tests.RegistrationFunctionalityTest" name="positiveRegistrationpageFunctionalityTest" time="0.002">
    <failure type="java.lang.NullPointerException" message="Cannot invoke &amp;quot;org.openqa.selenium.SearchContext.findElement(org.openqa.selenium.By)&amp;quot; because &amp;quot;this.searchContext&amp;quot; is null">
      <![CDATA[java.lang.NullPointerException: Cannot invoke "org.openqa.selenium.SearchContext.findElement(org.openqa.selenium.By)" because "this.searchContext" is null
at org.openqa.selenium.support.pagefactory.DefaultElementLocator.findElement(DefaultElementLocator.java:69)
at org.openqa.selenium.support.pagefactory.internal.LocatingElementHandler.invoke(LocatingElementHandler.java:38)
at com.sun.proxy.$Proxy13.click(Unknown Source)
at pages.HomePage.clickRegisterLink(HomePage.java:41)
at tests.RegistrationFunctionalityTest.positiveRegistrationpageFunctionalityTest(RegistrationFunctionalityTest.java:20)
at java.base/java.util.ArrayList.forEach(ArrayList.java:1511)
... Removed 27 stack frames]]>
    </failure>
  </testcase> <!-- positiveRegistrationpageFunctionalityTest -->
  <testcase classname="tests.RegistrationFunctionalityTest" name="positiveRegistrationpageFunctionalityTest" time="0.002">
    <failure type="java.lang.NullPointerException" message="Cannot invoke &amp;quot;org.openqa.selenium.SearchContext.findElement(org.openqa.selenium.By)&amp;quot; because &amp;quot;this.searchContext&amp;quot; is null">
      <![CDATA[java.lang.NullPointerException: Cannot invoke "org.openqa.selenium.SearchContext.findElement(org.openqa.selenium.By)" because "this.searchContext" is null
at org.openqa.selenium.support.pagefactory.DefaultElementLocator.findElement(DefaultElementLocator.java:69)
at org.openqa.selenium.support.pagefactory.internal.LocatingElementHandler.invoke(LocatingElementHandler.java:38)
at com.sun.proxy.$Proxy13.click(Unknown Source)
at pages.HomePage.clickRegisterLink(HomePage.java:41)
at tests.RegistrationFunctionalityTest.positiveRegistrationpageFunctionalityTest(RegistrationFunctionalityTest.java:20)
at java.base/java.util.ArrayList.forEach(ArrayList.java:1511)
... Removed 27 stack frames]]>
    </failure>
  </testcase> <!-- positiveRegistrationpageFunctionalityTest -->
</testsuite> <!-- All Test cases -->
